<?xml version="1.0" encoding="UTF-8"?>
<!-- Generated by org.testng.reporters.JUnitReportReporter -->
<testsuite skipped="0" hostname="DESKTOP-GLG4RJ7" name="tests.PetStoreMenuTest" tests="3" failures="0" timestamp="02 Apr 2020 20:45:48 GMT" time="13.163" errors="0">
  <testcase name="allLinksVerifyTest" time="7.161" classname="tests.PetStoreMenuTest"/>
  <testcase name="linksTakesToCorrectPageTest" time="5.248" classname="tests.PetStoreMenuTest"/>
  <testcase name="logInBtnTest" time="0.754" classname="tests.PetStoreMenuTest"/>
</testsuite> <!-- tests.PetStoreMenuTest -->
