<?xml version="1.0" encoding="UTF-8"?>
<!-- Generated by org.testng.reporters.JUnitReportReporter -->
<testsuite skipped="0" hostname="DESKTOP-GLG4RJ7" name="domaci13_03_2020.Zadatak1" tests="1" failures="0" timestamp="15 Mar 2020 09:28:35 GMT" time="8.622" errors="0">
  <testcase name="productToCart" time="8.622" classname="domaci13_03_2020.Zadatak1"/>
</testsuite> <!-- domaci13_03_2020.Zadatak1 -->
