<?xml version="1.0" encoding="UTF-8"?>
<!-- Generated by org.testng.reporters.JUnitReportReporter -->
<testsuite skipped="0" hostname="DESKTOP-GLG4RJ7" name="domaci13_03_2020.Zadatak2Ispravka" tests="4" failures="0" timestamp="23 Mar 2020 16:06:18 GMT" time="22.902" errors="0">
  <testcase name="logIn" time="9.206" classname="domaci13_03_2020.Zadatak2Ispravka"/>
  <testcase name="addProduct" time="8.683" classname="domaci13_03_2020.Zadatak2Ispravka"/>
  <testcase name="formFill" time="2.404" classname="domaci13_03_2020.Zadatak2Ispravka"/>
  <testcase name="orderReceivedTest" time="2.609" classname="domaci13_03_2020.Zadatak2Ispravka"/>
</testsuite> <!-- domaci13_03_2020.Zadatak2Ispravka -->
