<?xml version="1.0" encoding="UTF-8"?>
<!-- Generated by org.testng.reporters.JUnitReportReporter -->
<testsuite skipped="0" hostname="DESKTOP-GLG4RJ7" name="tests.HomePageTest" tests="3" failures="0" timestamp="04 Apr 2020 21:44:45 GMT" time="14.669" errors="0">
  <testcase name="enterStore" time="4.281" classname="tests.HomePageTest"/>
  <testcase name="enterStore" time="8.857" classname="tests.HomePageTest"/>
  <testcase name="enterStore" time="1.531" classname="tests.HomePageTest"/>
</testsuite> <!-- tests.HomePageTest -->
