<?xml version="1.0" encoding="UTF-8"?>
<!-- Generated by org.testng.reporters.JUnitReportReporter -->
<testsuite skipped="0" hostname="DESKTOP-GLG4RJ7" name="tests.CartPageTest" tests="1" failures="0" timestamp="29 Mar 2020 15:00:41 GMT" time="12.440" errors="0">
  <testcase name="addToCartTest" time="12.440" classname="tests.CartPageTest"/>
</testsuite> <!-- tests.CartPageTest -->
