<?xml version="1.0" encoding="UTF-8"?>
<!-- Generated by org.testng.reporters.JUnitReportReporter -->
<testsuite skipped="0" hostname="DESKTOP-GLG4RJ7" name="tests.RegistrationPageTest" tests="3" failures="0" timestamp="04 Apr 2020 21:44:45 GMT" time="384.664" errors="0">
  <testcase name="registeringUsers" time="88.237" classname="tests.RegistrationPageTest"/>
  <testcase name="registeringUsers" time="151.175" classname="tests.RegistrationPageTest"/>
  <testcase name="registeringUsers" time="145.252" classname="tests.RegistrationPageTest"/>
</testsuite> <!-- tests.RegistrationPageTest -->
