<?xml version="1.0" encoding="UTF-8"?>
<!-- Generated by org.testng.reporters.JUnitReportReporter -->
<testsuite skipped="0" hostname="DESKTOP-GLG4RJ7" name="tests.RegistrationPageTest" tests="3" failures="0" timestamp="09 Apr 2020 17:27:21 GMT" time="380.493" errors="0">
  <testcase name="registeringUsers" time="137.873" classname="tests.RegistrationPageTest"/>
  <testcase name="registeringUsers" time="148.156" classname="tests.RegistrationPageTest"/>
  <testcase name="registeringUsers" time="94.464" classname="tests.RegistrationPageTest"/>
</testsuite> <!-- tests.RegistrationPageTest -->
