<?xml version="1.0" encoding="UTF-8"?>
<!-- Generated by org.testng.reporters.JUnitReportReporter -->
<testsuite skipped="0" hostname="DESKTOP-GLG4RJ7" name="pages.AddToCartTestKapa" tests="1" failures="0" timestamp="17 Mar 2020 23:12:21 GMT" time="11.208" errors="0">
  <testcase name="addToCart" time="11.208" classname="pages.AddToCartTestKapa"/>
</testsuite> <!-- pages.AddToCartTestKapa -->
