<?xml version="1.0" encoding="UTF-8"?>
<!-- Generated by org.testng.reporters.JUnitReportReporter -->
<testsuite skipped="0" hostname="DESKTOP-GLG4RJ7" name="domaci13_03_2020.Zadatak3Ispravka" tests="1" failures="0" timestamp="23 Mar 2020 19:24:30 GMT" time="29.065" errors="0">
  <testcase name="logOutTest" time="29.065" classname="domaci13_03_2020.Zadatak3Ispravka"/>
</testsuite> <!-- domaci13_03_2020.Zadatak3Ispravka -->
