<?xml version="1.0" encoding="UTF-8"?>
<!-- Generated by org.testng.reporters.JUnitReportReporter -->
<testsuite skipped="0" hostname="DESKTOP-GLG4RJ7" name="tests.CartPageTest" tests="9" failures="0" timestamp="04 Apr 2020 21:44:45 GMT" time="30.760" errors="0">
  <testcase name="isInCart" time="6.390" classname="tests.CartPageTest"/>
  <testcase name="isInCart" time="5.526" classname="tests.CartPageTest"/>
  <testcase name="isInCart" time="6.304" classname="tests.CartPageTest"/>
  <testcase name="compareTotalPrices" time="0.172" classname="tests.CartPageTest"/>
  <testcase name="compareTotalPrices" time="0.250" classname="tests.CartPageTest"/>
  <testcase name="compareTotalPrices" time="0.251" classname="tests.CartPageTest"/>
  <testcase name="deleteCookiesTest" time="4.260" classname="tests.CartPageTest"/>
  <testcase name="deleteCookiesTest" time="3.732" classname="tests.CartPageTest"/>
  <testcase name="deleteCookiesTest" time="3.875" classname="tests.CartPageTest"/>
</testsuite> <!-- tests.CartPageTest -->
