<?xml version="1.0" encoding="UTF-8"?>
<!-- Generated by org.testng.reporters.JUnitReportReporter -->
<testsuite skipped="0" hostname="DESKTOP-GLG4RJ7" name="tests.HomePageTest" tests="3" failures="0" timestamp="09 Apr 2020 17:27:21 GMT" time="7.597" errors="0">
  <testcase name="enterStore" time="2.400" classname="tests.HomePageTest"/>
  <testcase name="enterStore" time="2.234" classname="tests.HomePageTest"/>
  <testcase name="enterStore" time="2.963" classname="tests.HomePageTest"/>
</testsuite> <!-- tests.HomePageTest -->
