<?xml version="1.0" encoding="UTF-8"?>
<!-- Generated by org.testng.reporters.JUnitReportReporter -->
<testsuite skipped="0" hostname="DESKTOP-GLG4RJ7" name="p16_03_2020.Zadatak5SlackPorukaSamomSebi" tests="1" failures="0" timestamp="18 Mar 2020 22:41:34 GMT" time="41.935" errors="0">
  <testcase name="msgSentTestSlack" time="41.935" classname="p16_03_2020.Zadatak5SlackPorukaSamomSebi"/>
</testsuite> <!-- p16_03_2020.Zadatak5SlackPorukaSamomSebi -->
