<?xml version="1.0" encoding="UTF-8"?>
<!-- Generated by org.testng.reporters.JUnitReportReporter -->
<testsuite skipped="0" hostname="DESKTOP-GLG4RJ7" name="p13_03_2020.LinkoviDaLiRade" tests="1" failures="0" timestamp="13 Mar 2020 20:42:19 GMT" time="8.019" errors="0">
  <testcase name="linkTest" time="8.019" classname="p13_03_2020.LinkoviDaLiRade"/>
</testsuite> <!-- p13_03_2020.LinkoviDaLiRade -->
