<?xml version="1.0" encoding="UTF-8"?>
<!-- Generated by org.testng.reporters.JUnitReportReporter -->
<testsuite skipped="0" hostname="DESKTOP-GLG4RJ7" name="tests.SignInPageTest" tests="3" failures="0" timestamp="09 Apr 2020 17:27:21 GMT" time="133.284" errors="0">
  <testcase name="signIn" time="47.425" classname="tests.SignInPageTest"/>
  <testcase name="signIn" time="39.007" classname="tests.SignInPageTest"/>
  <testcase name="signIn" time="46.852" classname="tests.SignInPageTest"/>
</testsuite> <!-- tests.SignInPageTest -->
