<?xml version="1.0" encoding="UTF-8"?>
<!-- Generated by org.testng.reporters.JUnitReportReporter -->
<testsuite skipped="0" hostname="DESKTOP-GLG4RJ7" name="p13_03_2020.Zadatak1" tests="2" failures="0" timestamp="13 Mar 2020 19:10:06 GMT" time="5.759" errors="0">
  <testcase name="googleSearchTest" time="4.011" classname="p13_03_2020.Zadatak1"/>
  <testcase name="titleTest" time="1.748" classname="p13_03_2020.Zadatak1"/>
</testsuite> <!-- p13_03_2020.Zadatak1 -->
