<?xml version="1.0" encoding="UTF-8"?>
<!-- Generated by org.testng.reporters.JUnitReportReporter -->
<testsuite skipped="0" hostname="DESKTOP-GLG4RJ7" name="domaci17_03.SearchResultPage" tests="1" failures="0" timestamp="21 Mar 2020 09:45:27 GMT" time="14.740" errors="0">
  <testcase name="freeShipping" time="14.740" classname="domaci17_03.SearchResultPage"/>
</testsuite> <!-- domaci17_03.SearchResultPage -->
