<?xml version="1.0" encoding="UTF-8"?>
<!-- Generated by org.testng.reporters.JUnitReportReporter -->
<testsuite skipped="0" hostname="DESKTOP-GLG4RJ7" name="tests.RegistrationPageTest" tests="1" failures="0" timestamp="28 Mar 2020 22:58:11 GMT" time="152.412" errors="0">
  <testcase name="registeringUsers" time="152.412" classname="tests.RegistrationPageTest"/>
</testsuite> <!-- tests.RegistrationPageTest -->
