<?xml version="1.0" encoding="UTF-8"?>
<!-- Generated by org.testng.reporters.JUnitReportReporter -->
<testsuite skipped="0" hostname="DESKTOP-GLG4RJ7" name="tests.CartPageTest" tests="9" failures="0" timestamp="09 Apr 2020 17:27:21 GMT" time="32.212" errors="0">
  <testcase name="isInCart" time="5.190" classname="tests.CartPageTest"/>
  <testcase name="isInCart" time="7.754" classname="tests.CartPageTest"/>
  <testcase name="isInCart" time="6.882" classname="tests.CartPageTest"/>
  <testcase name="compareTotalPrices" time="0.094" classname="tests.CartPageTest"/>
  <testcase name="compareTotalPrices" time="0.298" classname="tests.CartPageTest"/>
  <testcase name="compareTotalPrices" time="0.252" classname="tests.CartPageTest"/>
  <testcase name="deleteCookiesTest" time="3.754" classname="tests.CartPageTest"/>
  <testcase name="deleteCookiesTest" time="3.676" classname="tests.CartPageTest"/>
  <testcase name="deleteCookiesTest" time="4.312" classname="tests.CartPageTest"/>
</testsuite> <!-- tests.CartPageTest -->
