<?xml version="1.0" encoding="UTF-8"?>
<!-- Generated by org.testng.reporters.JUnitReportReporter -->
<testsuite skipped="0" hostname="DESKTOP-GLG4RJ7" name="tests.RegistrationPageTest" tests="1" failures="0" timestamp="01 Apr 2020 16:12:21 GMT" time="206.944" errors="0">
  <testcase name="registeringUsers" time="206.944" classname="tests.RegistrationPageTest"/>
</testsuite> <!-- tests.RegistrationPageTest -->
