<?xml version="1.0" encoding="UTF-8"?>
<!-- Generated by org.testng.reporters.JUnitReportReporter -->
<testsuite skipped="0" hostname="DESKTOP-GLG4RJ7" name="tests.HomePageTest" tests="1" failures="0" timestamp="28 Mar 2020 22:52:03 GMT" time="2.010" errors="0">
  <testcase name="enterStore" time="2.010" classname="tests.HomePageTest"/>
</testsuite> <!-- tests.HomePageTest -->
