<?xml version="1.0" encoding="UTF-8"?>
<!-- Generated by org.testng.reporters.JUnitReportReporter -->
<testsuite skipped="0" hostname="DESKTOP-GLG4RJ7" name="tests.SignInPageTest" tests="3" failures="0" timestamp="04 Apr 2020 21:44:45 GMT" time="139.966" errors="0">
  <testcase name="signIn" time="51.405" classname="tests.SignInPageTest"/>
  <testcase name="signIn" time="41.139" classname="tests.SignInPageTest"/>
  <testcase name="signIn" time="47.422" classname="tests.SignInPageTest"/>
</testsuite> <!-- tests.SignInPageTest -->
