<?xml version="1.0" encoding="UTF-8"?>
<!-- Generated by org.testng.reporters.JUnitReportReporter -->
<testsuite skipped="0" hostname="DESKTOP-GLG4RJ7" name="p13_03_2020.Zadatak2prijavaKorisnikaTest" tests="1" failures="0" timestamp="13 Mar 2020 19:40:23 GMT" time="6.469" errors="0">
  <testcase name="titleTest" time="6.469" classname="p13_03_2020.Zadatak2prijavaKorisnikaTest"/>
</testsuite> <!-- p13_03_2020.Zadatak2prijavaKorisnikaTest -->
