<?xml version="1.0" encoding="UTF-8"?>
<!-- Generated by org.testng.reporters.JUnitReportReporter -->
<testsuite skipped="0" hostname="DESKTOP-GLG4RJ7" name="tests.SignInPageTest" tests="1" failures="0" timestamp="28 Mar 2020 23:21:23 GMT" time="61.714" errors="0">
  <testcase name="signIn" time="61.714" classname="tests.SignInPageTest"/>
</testsuite> <!-- tests.SignInPageTest -->
