<?xml version="1.0" encoding="UTF-8"?>
<!-- Generated by org.testng.reporters.JUnitReportReporter -->
<testsuite skipped="0" hostname="DESKTOP-GLG4RJ7" name="p17_03_2020.IzListeWebElemenataNestoUzeti" tests="1" failures="0" timestamp="18 Mar 2020 11:27:47 GMT" time="7.035" errors="0">
  <testcase name="getNameFromWebElement" time="7.035" classname="p17_03_2020.IzListeWebElemenataNestoUzeti"/>
</testsuite> <!-- p17_03_2020.IzListeWebElemenataNestoUzeti -->
