<?xml version="1.0" encoding="UTF-8"?>
<!-- Generated by org.testng.reporters.JUnitReportReporter -->
<testsuite skipped="0" hostname="DESKTOP-GLG4RJ7" name="tests.CartPageTest" tests="3" failures="0" timestamp="31 Mar 2020 21:03:40 GMT" time="23.756" errors="0">
  <testcase name="addToCartTest" time="17.997" classname="tests.CartPageTest"/>
  <testcase name="compareTotalPrices" time="0.358" classname="tests.CartPageTest"/>
  <testcase name="deleteCookiesTest" time="5.401" classname="tests.CartPageTest"/>
</testsuite> <!-- tests.CartPageTest -->
