<?xml version="1.0" encoding="UTF-8"?>
<!-- Generated by org.testng.reporters.JUnitReportReporter -->
<testsuite skipped="0" hostname="DESKTOP-GLG4RJ7" name="tests.SignInPageTest" tests="1" failures="0" timestamp="01 Apr 2020 16:16:52 GMT" time="66.481" errors="0">
  <testcase name="signIn" time="66.481" classname="tests.SignInPageTest"/>
</testsuite> <!-- tests.SignInPageTest -->
