<?xml version="1.0" encoding="UTF-8"?>
<!-- Generated by org.testng.reporters.JUnitReportReporter -->
<testsuite skipped="0" hostname="DESKTOP-GLG4RJ7" name="p16_03_2020.Zadatak4ImplicitWait" tests="1" failures="0" timestamp="16 Mar 2020 22:19:55 GMT" time="8.486" errors="0">
  <testcase name="pageLoadTest" time="8.486" classname="p16_03_2020.Zadatak4ImplicitWait"/>
</testsuite> <!-- p16_03_2020.Zadatak4ImplicitWait -->
