<?xml version="1.0" encoding="UTF-8"?>
<!-- Generated by org.testng.reporters.JUnitReportReporter -->
<testsuite skipped="0" hostname="DESKTOP-GLG4RJ7" name="domaci16_03_2020.SearchTestInfoStud" tests="1" failures="0" timestamp="19 Mar 2020 21:47:24 GMT" time="11.317" errors="0">
  <testcase name="GradoviTest" time="11.317" classname="domaci16_03_2020.SearchTestInfoStud"/>
</testsuite> <!-- domaci16_03_2020.SearchTestInfoStud -->
