<?xml version="1.0" encoding="UTF-8"?>
<!-- Generated by org.testng.reporters.JUnitReportReporter -->
<testsuite skipped="0" hostname="DESKTOP-GLG4RJ7" name="tests.HomePageTest" tests="1" failures="0" timestamp="01 Apr 2020 16:05:06 GMT" time="2.371" errors="0">
  <testcase name="enterStore" time="2.371" classname="tests.HomePageTest"/>
</testsuite> <!-- tests.HomePageTest -->
