<?xml version="1.0" encoding="UTF-8"?>
<!-- Generated by org.testng.reporters.JUnitReportReporter -->
<testsuite skipped="0" hostname="DESKTOP-GLG4RJ7" name="p17_03_2020.Ulancavanje3_ebay" tests="1" failures="0" timestamp="20 Mar 2020 22:06:25 GMT" time="9.670" errors="0">
  <testcase name="loginTest" time="9.670" classname="p17_03_2020.Ulancavanje3_ebay"/>
</testsuite> <!-- p17_03_2020.Ulancavanje3_ebay -->
