<?xml version="1.0" encoding="UTF-8"?>
<!-- Generated by org.testng.reporters.JUnitReportReporter -->
<testsuite skipped="0" hostname="DESKTOP-GLG4RJ7" name="domaci13_03_2020.Zadatak3" tests="1" failures="0" timestamp="17 Mar 2020 10:50:56 GMT" time="10.865" errors="0">
  <testcase name="logOutTest" time="10.865" classname="domaci13_03_2020.Zadatak3"/>
</testsuite> <!-- domaci13_03_2020.Zadatak3 -->
