<?xml version="1.0" encoding="UTF-8"?>
<!-- Generated by org.testng.reporters.JUnitReportReporter -->
<testsuite skipped="0" hostname="DESKTOP-GLG4RJ7" name="p17_03_2020.Ulancavanje" tests="1" failures="0" timestamp="17 Mar 2020 23:20:31 GMT" time="14.247" errors="0">
  <testcase name="loginTest" time="14.247" classname="p17_03_2020.Ulancavanje"/>
</testsuite> <!-- p17_03_2020.Ulancavanje -->
