<?xml version="1.0" encoding="UTF-8"?>
<!-- Generated by org.testng.reporters.JUnitReportReporter -->
<testsuite skipped="0" hostname="DESKTOP-GLG4RJ7" name="domaci13_03_2020.Zadatak2" tests="1" failures="0" timestamp="15 Mar 2020 11:52:27 GMT" time="27.354" errors="0">
  <testcase name="titleTest" time="27.354" classname="domaci13_03_2020.Zadatak2"/>
</testsuite> <!-- domaci13_03_2020.Zadatak2 -->
