<?xml version="1.0" encoding="UTF-8"?>
<!-- Generated by org.testng.reporters.JUnitReportReporter -->
<testsuite skipped="0" hostname="DESKTOP-GLG4RJ7" name="p17_03_2020.Ulancavanje2_ebay" tests="1" failures="0" timestamp="18 Mar 2020 11:46:26 GMT" time="9.925" errors="0">
  <testcase name="loginTest" time="9.925" classname="p17_03_2020.Ulancavanje2_ebay"/>
</testsuite> <!-- p17_03_2020.Ulancavanje2_ebay -->
