<?xml version="1.0" encoding="UTF-8"?>
<!-- Generated by org.testng.reporters.JUnitReportReporter -->
<testsuite skipped="0" hostname="DESKTOP-GLG4RJ7" name="tests.AddressesTest" tests="1" failures="0" timestamp="17 Mar 2020 08:46:55 GMT" time="16.510" errors="0">
  <testcase name="changeBillingAddress" time="16.510" classname="tests.AddressesTest"/>
</testsuite> <!-- tests.AddressesTest -->
