<?xml version="1.0" encoding="UTF-8"?>
<!-- Generated by org.testng.reporters.JUnitReportReporter -->
<testsuite skipped="0" hostname="DESKTOP-GLG4RJ7" name="p16_03_2020.Zadatak4ExplicitWait" tests="1" failures="0" timestamp="16 Mar 2020 18:13:11 GMT" time="2.715" errors="0">
  <testcase name="pageLoadTest" time="2.715" classname="p16_03_2020.Zadatak4ExplicitWait"/>
</testsuite> <!-- p16_03_2020.Zadatak4ExplicitWait -->
