<?xml version="1.0" encoding="UTF-8"?>
<!-- Generated by org.testng.reporters.JUnitReportReporter -->
<testsuite skipped="0" hostname="DESKTOP-GLG4RJ7" name="tests.PetStoreMenuTest" tests="3" failures="0" timestamp="28 Mar 2020 22:50:06 GMT" time="22.643" errors="0">
  <testcase name="allLinksVerifyTest" time="11.872" classname="tests.PetStoreMenuTest"/>
  <testcase name="linksTakesToCorrectPageTest" time="9.075" classname="tests.PetStoreMenuTest"/>
  <testcase name="logInBtnTest" time="1.696" classname="tests.PetStoreMenuTest"/>
</testsuite> <!-- tests.PetStoreMenuTest -->
